============================= test session starts ==============================
platform linux -- Python 3.12.13, pytest-9.0.2, pluggy-1.6.0 -- /home/tonny/miniconda3/envs/limelight_v2/bin/python
cachedir: .pytest_cache
rootdir: /home/tonny/Projects/full-stack-apps/limelight/limelight_v2/backend
plugins: anyio-4.12.1
collecting ... collected 6 items

tests/test_auth.py::test_create_user_default_role PASSED                 [ 16%]
tests/test_auth.py::test_update_user_role PASSED                         [ 33%]
tests/test_auth.py::test_update_user_role_invalid PASSED                 [ 50%]
tests/test_auth.py::test_create_and_validate_session PASSED              [ 66%]
tests/test_auth.py::test_get_user_by_session_id PASSED                   [ 83%]
tests/test_auth.py::test_delete_session PASSED                           [100%]

============================== 6 passed in 1.04s ===============================
