============================= test session starts ==============================
platform linux -- Python 3.12.13, pytest-9.0.2, pluggy-1.6.0 -- /home/tonny/miniconda3/envs/limelight_v2/bin/python
cachedir: .pytest_cache
rootdir: /home/tonny/Projects/full-stack-apps/limelight/limelight_v2/backend
plugins: anyio-4.12.1
collecting ... collected 7 items

app/modules/products/tests/test_products.py::test_create_product PASSED  [ 14%]
app/modules/products/tests/test_products.py::test_create_duplicate_name PASSED [ 28%]
app/modules/products/tests/test_products.py::test_get_product PASSED     [ 42%]
app/modules/products/tests/test_products.py::test_list_products PASSED   [ 57%]
app/modules/products/tests/test_products.py::test_update_product PASSED  [ 71%]
app/modules/products/tests/test_products.py::test_soft_delete_product PASSED [ 85%]
app/modules/products/tests/test_products.py::test_restore_product PASSED [100%]

============================== 7 passed in 0.99s ===============================
